<?xml version="1.0" encoding="UTF-8"?>
<testng-results ignored="0" total="1" passed="1" failed="0" skipped="0">
  <reporter-output>
  </reporter-output>
  <suite started-at="2024-08-04T14:21:44 IST" name="Default suite" finished-at="2024-08-04T14:28:41 IST" duration-ms="417425">
    <groups>
    </groups>
    <test started-at="2024-08-04T14:21:44 IST" name="Default test" finished-at="2024-08-04T14:28:41 IST" duration-ms="417425">
      <class name="testng.Rishiherbal">
        <test-method is-config="true" signature="setup()[pri:0, instance:testng.Rishiherbal@3349e9bb]" started-at="2024-08-04T14:21:44 IST" name="setup" finished-at="2024-08-04T14:21:45 IST" duration-ms="1627" status="PASS">
          <reporter-output>
          </reporter-output>
        </test-method> <!-- setup -->
        <test-method is-config="true" signature="urlloading()[pri:0, instance:testng.Rishiherbal@3349e9bb]" started-at="2024-08-04T14:21:45 IST" name="urlloading" finished-at="2024-08-04T14:23:38 IST" duration-ms="113061" status="PASS">
          <reporter-output>
          </reporter-output>
        </test-method> <!-- urlloading -->
        <test-method signature="test()[pri:0, instance:testng.Rishiherbal@3349e9bb]" started-at="2024-08-04T14:23:38 IST" name="test" finished-at="2024-08-04T14:28:41 IST" duration-ms="302699" status="PASS">
          <reporter-output>
          </reporter-output>
        </test-method> <!-- test -->
      </class> <!-- testng.Rishiherbal -->
    </test> <!-- Default test -->
  </suite> <!-- Default suite -->
</testng-results>
